<?xml version="1.0" encoding="UTF-8"?>
<testsuite name="FirstClassTest" tests="3" skipped="0" failures="0" errors="0" timestamp="2026-04-26T01:44:32.800Z" hostname="MGC1Y043LR65" time="0.012">
  <properties/>
  <testcase name="should update name property()" classname="FirstClassTest" time="0.009"/>
  <testcase name="should create FirstClass with given name()" classname="FirstClassTest" time="0.001"/>
  <testcase name="displayName should print the name()" classname="FirstClassTest" time="0.002"/>
  <system-out><![CDATA[Hello, Kotlin!
]]></system-out>
  <system-err><![CDATA[]]></system-err>
</testsuite>
